<?xml version="1.0" encoding="utf-8" standalone="no"?>
<!--This file represents the results of running a test suite-->
<test-results name="M:\git-repositories\arithmetic-trainer\ArithmeticTrainer.Test\ArithmeticTrainer.Test.nunit" total="1" errors="0" failures="0" not-run="0" inconclusive="0" ignored="0" skipped="0" invalid="0" date="2012-01-05" time="22:05:25">
  <environment nunit-version="2.5.10.11092" clr-version="2.0.50727.5448" os-version="Microsoft Windows NT 6.1.7601 Service Pack 1" platform="Win32NT" cwd="C:\Program Files (x86)\NUnit 2.5.10\bin\net-2.0" machine-name="AYA" user="Robert" user-domain="AYA" />
  <culture-info current-culture="en-GB" current-uiculture="en-US" />
  <test-suite type="Project" name="M:\git-repositories\arithmetic-trainer\ArithmeticTrainer.Test\ArithmeticTrainer.Test.nunit" executed="True" result="Success" success="True" time="0.209" asserts="0">
    <results>
      <test-suite type="Assembly" name="M:\git-repositories\arithmetic-trainer\ArithmeticTrainer.Test\bin\Release\ArithmeticTrainer.Test.dll" executed="True" result="Success" success="True" time="0.183" asserts="0">
        <results>
          <test-suite type="Namespace" name="ArithmeticTrainer" executed="True" result="Success" success="True" time="0.183" asserts="0">
            <results>
              <test-suite type="Namespace" name="Test" executed="True" result="Success" success="True" time="0.182" asserts="0">
                <results>
                  <test-suite type="TestFixture" name="TimesTableQuizGeneratorTest" executed="True" result="Success" success="True" time="0.178" asserts="0">
                    <results>
                      <test-case name="ArithmeticTrainer.Test.TimesTableQuizGeneratorTest.TtqgGeneratesInRange" executed="True" result="Success" success="True" time="0.135" asserts="1" />
                    </results>
                  </test-suite>
                </results>
              </test-suite>
            </results>
          </test-suite>
        </results>
      </test-suite>
    </results>
  </test-suite>
</test-results>